This is pdfTeX, Version 3.14159265-2.6-1.40.21 (MiKTeX 2.9.7420 64-bit) (preloaded format=pdflatex 2020.5.15)  20 MAY 2020 17:08
entering extended mode
**./preamble.tex
(preamble.tex
LaTeX2e <2020-02-02> patch level 5
L3 programming layer <2020-05-11>

! LaTeX Error: \usepackage before \documentclass.

See the LaTeX manual or LaTeX Companion for explanation.
Type  H <return>  for immediate help.
 ...                                              
                                                  
l.1 \usepackage{
                booktabs}
\usepackage may only appear in the document preamble, i.e.,
between \documentclass and \begin{document}.

)
! Emergency stop.
<*> ./preamble.tex
                  
*** (job aborted, no legal \end found)

 
Here is how much of TeX's memory you used:
 17 strings out of 480811
 433 string characters out of 2905901
 238531 words of memory out of 3000000
 16112 multiletter control sequences out of 15000+200000
 532338 words of font info for 24 fonts, out of 3000000 for 9000
 1141 hyphenation exceptions out of 8191
 12i,0n,15p,67b,14s stack positions out of 5000i,500n,10000p,200000b,50000s
!  ==> Fatal error occurred, no output PDF file produced!
